<?xml version="1.0" encoding="UTF-8"?>
<!-- Generated by org.testng.reporters.JUnitReportReporter -->
<testsuite hostname="MR_STOIC" failures="0" tests="1" name="POM.POM_ExecutionTest" time="5.500" errors="0" timestamp="2024-07-17T00:38:37 IST" skipped="0">
  <testcase classname="POM.POM_ExecutionTest" name="test" time="5.500"/>
  <system-out/>
</testsuite> <!-- POM.POM_ExecutionTest -->
