<?xml version="1.0" encoding="UTF-8"?>
<!-- Generated by org.testng.reporters.JUnitReportReporter -->
<testsuite hostname="MR_STOIC" failures="0" tests="5" name="TestNG.testng_practice" time="0.007" errors="0" timestamp="2024-08-05T01:54:08 IST" skipped="0">
  <testcase classname="TestNG.testng_practice" name="m1" time="0.005"/>
  <system-out/>
  <testcase classname="TestNG.testng_practice" name="m1" time="0.000"/>
  <system-out/>
  <testcase classname="TestNG.testng_practice" name="m1" time="0.000"/>
  <system-out/>
  <testcase classname="TestNG.testng_practice" name="m1" time="0.001"/>
  <system-out/>
  <testcase classname="TestNG.testng_practice" name="m1" time="0.001"/>
  <system-out/>
</testsuite> <!-- TestNG.testng_practice -->
